<?xml version="1.0" encoding="UTF-8"?>
<!-- Generated by org.testng.reporters.JUnitReportReporter -->
<testsuite skipped="0" hostname="LHR16-800213483" name="com.philips.testcases.LoginTest" tests="1" failures="0" timestamp="19 Sep 2018 15:50:05 GMT" time="3.495" errors="0">
  <testcase name="loginAsBankManager" time="3.495" classname="com.philips.testcases.LoginTest"/>
</testsuite> <!-- com.philips.testcases.LoginTest -->
