<?xml version="1.0" encoding="UTF-8"?>
<!-- Generated by org.testng.reporters.JUnitReportReporter -->
<testsuite skipped="2" hostname="LHR16-800213483" name="com.philips.testcases.AddCustomerTest" tests="4" failures="0" timestamp="19 Sep 2018 15:50:05 GMT" time="27.497" errors="0">
  <testcase name="addCustomerTest" time="13.551" classname="com.philips.testcases.AddCustomerTest"/>
  <testcase name="addCustomerTest" time="0.000" classname="com.philips.testcases.AddCustomerTest">
    <skipped/>
  </testcase> <!-- addCustomerTest -->
  <testcase name="addCustomerTest" time="0.004" classname="com.philips.testcases.AddCustomerTest">
    <skipped/>
  </testcase> <!-- addCustomerTest -->
  <testcase name="addCustomerTest" time="13.942" classname="com.philips.testcases.AddCustomerTest"/>
</testsuite> <!-- com.philips.testcases.AddCustomerTest -->
