<?xml version="1.0" encoding="UTF-8"?>
<!-- Generated by org.testng.reporters.JUnitReportReporter -->
<testsuite skipped="1" hostname="LHR16-800213483" name="com.philips.testcases.OpenAccountTest" tests="1" failures="0" timestamp="19 Sep 2018 15:50:05 GMT" time="0.000" errors="0">
  <testcase name="openAccountTest" time="0.000" classname="com.philips.testcases.OpenAccountTest">
    <skipped/>
  </testcase> <!-- openAccountTest -->
</testsuite> <!-- com.philips.testcases.OpenAccountTest -->
